c:\users\doria\documents\cours\annee_2\prog\cpp\astrophotoqt\build\intermediate\debug\filedialogwidget.obj
c:\users\doria\documents\cours\annee_2\prog\cpp\astrophotoqt\build\intermediate\debug\processwidget.obj
c:\users\doria\documents\cours\annee_2\prog\cpp\astrophotoqt\build\intermediate\debug\inputwidget.obj
c:\users\doria\documents\cours\annee_2\prog\cpp\astrophotoqt\build\intermediate\debug\main.obj
c:\users\doria\documents\cours\annee_2\prog\cpp\astrophotoqt\build\intermediate\debug\window.obj
c:\users\doria\documents\cours\annee_2\prog\cpp\astrophotoqt\build\intermediate\debug\iutfits.obj
c:\users\doria\documents\cours\annee_2\prog\cpp\astrophotoqt\build\intermediate\debug\vc143.pdb
c:\users\doria\documents\cours\annee_2\prog\cpp\astrophotoqt\build\intermediate\debug\moc_window.obj
c:\users\doria\documents\cours\annee_2\prog\cpp\astrophotoqt\build\intermediate\debug\moc_inputwidget.obj
c:\users\doria\documents\cours\annee_2\prog\cpp\astrophotoqt\build\intermediate\debug\moc_processwidget.obj
c:\users\doria\documents\cours\annee_2\prog\cpp\astrophotoqt\build\intermediate\debug\moc_filedialogwidget.obj
c:\users\doria\documents\cours\annee_2\prog\cpp\astrophotoqt\build\intermediate\debug\moc_predefs.h
c:\users\doria\documents\cours\annee_2\prog\cpp\astrophotoqt\build\intermediate\debug\moc_processwidget.cpp
c:\users\doria\documents\cours\annee_2\prog\cpp\astrophotoqt\build\intermediate\debug\moc_filedialogwidget.cpp
c:\users\doria\documents\cours\annee_2\prog\cpp\astrophotoqt\build\intermediate\debug\moc_inputwidget.cpp
c:\users\doria\documents\cours\annee_2\prog\cpp\astrophotoqt\build\intermediate\debug\moc_window.cpp
c:\users\doria\documents\cours\annee_2\prog\cpp\astrophotoqt\bin\debug\fitsstacker.ilk
c:\users\doria\documents\cours\annee_2\prog\cpp\astrophotoqt\bin\debug\fitsstacker.exe
c:\users\doria\documents\cours\annee_2\prog\cpp\astrophotoqt\bin\debug\fitsstacker.pdb
c:\users\doria\documents\cours\annee_2\prog\cpp\astrophotoqt\build\intermediate\debug\fitsstacker.vcxproj.filelistabsolute.txt
c:\users\doria\documents\cours\annee_2\prog\cpp\astrophotoqt\build\intermediate\debug\fitsstacker.tlog\cl.15380.write.1.tlog
c:\users\doria\documents\cours\annee_2\prog\cpp\astrophotoqt\build\intermediate\debug\fitsstacker.tlog\cl.command.1.tlog
c:\users\doria\documents\cours\annee_2\prog\cpp\astrophotoqt\build\intermediate\debug\fitsstacker.tlog\cl.read.1.tlog
c:\users\doria\documents\cours\annee_2\prog\cpp\astrophotoqt\build\intermediate\debug\fitsstacker.tlog\custombuild.command.1.tlog
c:\users\doria\documents\cours\annee_2\prog\cpp\astrophotoqt\build\intermediate\debug\fitsstacker.tlog\custombuild.read.1.tlog
c:\users\doria\documents\cours\annee_2\prog\cpp\astrophotoqt\build\intermediate\debug\fitsstacker.tlog\custombuild.write.1.tlog
c:\users\doria\documents\cours\annee_2\prog\cpp\astrophotoqt\build\intermediate\debug\fitsstacker.tlog\fitsstacker.write.1u.tlog
c:\users\doria\documents\cours\annee_2\prog\cpp\astrophotoqt\build\intermediate\debug\fitsstacker.tlog\link.command.1.tlog
c:\users\doria\documents\cours\annee_2\prog\cpp\astrophotoqt\build\intermediate\debug\fitsstacker.tlog\link.read.1.tlog
c:\users\doria\documents\cours\annee_2\prog\cpp\astrophotoqt\build\intermediate\debug\fitsstacker.tlog\link.write.1.tlog
c:\users\doria\documents\cours\annee_2\prog\cpp\astrophotoqt\build\intermediate\debug\fitsstacker.tlog\moc.read.1u.tlog
c:\users\doria\documents\cours\annee_2\prog\cpp\astrophotoqt\build\intermediate\debug\fitsstacker.tlog\moc.write.1u.tlog
