c:\users\doria\documents\cours\annee_2\prog\cpp\astrophotoqt\build\intermediate\release\moc_window.obj
c:\users\doria\documents\cours\annee_2\prog\cpp\astrophotoqt\build\intermediate\release\moc_filedialogwidget.obj
c:\users\doria\documents\cours\annee_2\prog\cpp\astrophotoqt\build\intermediate\release\moc_inputwidget.obj
c:\users\doria\documents\cours\annee_2\prog\cpp\astrophotoqt\build\intermediate\release\moc_processwidget.obj
c:\users\doria\documents\cours\annee_2\prog\cpp\astrophotoqt\build\intermediate\release\processwidget.obj
c:\users\doria\documents\cours\annee_2\prog\cpp\astrophotoqt\build\intermediate\release\window.obj
c:\users\doria\documents\cours\annee_2\prog\cpp\astrophotoqt\build\intermediate\release\inputwidget.obj
c:\users\doria\documents\cours\annee_2\prog\cpp\astrophotoqt\build\intermediate\release\main.obj
c:\users\doria\documents\cours\annee_2\prog\cpp\astrophotoqt\build\intermediate\release\filedialogwidget.obj
c:\users\doria\documents\cours\annee_2\prog\cpp\astrophotoqt\build\intermediate\release\iutfits.obj
c:\users\doria\documents\cours\annee_2\prog\cpp\astrophotoqt\build\intermediate\release\moc_predefs.h
c:\users\doria\documents\cours\annee_2\prog\cpp\astrophotoqt\build\intermediate\release\moc_processwidget.cpp
c:\users\doria\documents\cours\annee_2\prog\cpp\astrophotoqt\build\intermediate\release\moc_filedialogwidget.cpp
c:\users\doria\documents\cours\annee_2\prog\cpp\astrophotoqt\build\intermediate\release\moc_inputwidget.cpp
c:\users\doria\documents\cours\annee_2\prog\cpp\astrophotoqt\build\intermediate\release\moc_window.cpp
c:\users\doria\documents\cours\annee_2\prog\cpp\astrophotoqt\bin\release\fitsstacker.exe
c:\users\doria\documents\cours\annee_2\prog\cpp\astrophotoqt\build\intermediate\release\fitsstacker.vcxproj.filelistabsolute.txt
c:\users\doria\documents\cours\annee_2\prog\cpp\astrophotoqt\build\intermediate\release\fitsstacker.tlog\cl.16632.write.1.tlog
c:\users\doria\documents\cours\annee_2\prog\cpp\astrophotoqt\build\intermediate\release\fitsstacker.tlog\cl.command.1.tlog
c:\users\doria\documents\cours\annee_2\prog\cpp\astrophotoqt\build\intermediate\release\fitsstacker.tlog\cl.read.1.tlog
c:\users\doria\documents\cours\annee_2\prog\cpp\astrophotoqt\build\intermediate\release\fitsstacker.tlog\custombuild.command.1.tlog
c:\users\doria\documents\cours\annee_2\prog\cpp\astrophotoqt\build\intermediate\release\fitsstacker.tlog\custombuild.read.1.tlog
c:\users\doria\documents\cours\annee_2\prog\cpp\astrophotoqt\build\intermediate\release\fitsstacker.tlog\custombuild.write.1.tlog
c:\users\doria\documents\cours\annee_2\prog\cpp\astrophotoqt\build\intermediate\release\fitsstacker.tlog\fitsstacker.write.1u.tlog
c:\users\doria\documents\cours\annee_2\prog\cpp\astrophotoqt\build\intermediate\release\fitsstacker.tlog\link.command.1.tlog
c:\users\doria\documents\cours\annee_2\prog\cpp\astrophotoqt\build\intermediate\release\fitsstacker.tlog\link.read.1.tlog
c:\users\doria\documents\cours\annee_2\prog\cpp\astrophotoqt\build\intermediate\release\fitsstacker.tlog\link.write.1.tlog
